Building DAG of jobs...
Using shell: /usr/bin/bash
Provided cores: 8
Rules claiming more threads will be scaled down.
Job stats:
job                    count    min threads    max threads
-------------------  -------  -------------  -------------
all                        1              1              1
dadi_bestfit_dm            1              1              1
dadi_generate_cache        1              8              8
dadi_infer_dfe             1              8              8
dadi_infer_dm              1              8              8
generate_dadi_fs           2              1              1
total                      7              1              8

Select jobs to execute...

[Sat Sep 18 16:00:39 2021]
rule generate_dadi_fs:
    input: ../data/1KG.YRI.CEU.biallelic.synonymous.snps.withanc.strict.vcf.gz
    output: 1KG.YRI.synonymous.snps.unfold.fs
    jobid: 6
    wildcards: type=synonymous
    resources: tmpdir=/tmp


[Sat Sep 18 16:00:39 2021]
rule generate_dadi_fs:
    input: ../data/1KG.YRI.CEU.biallelic.nonsynonymous.snps.withanc.strict.vcf.gz
    output: 1KG.YRI.nonsynonymous.snps.unfold.fs
    jobid: 2
    wildcards: type=nonsynonymous
    resources: tmpdir=/tmp

[Sat Sep 18 16:01:30 2021]
Finished job 6.
1 of 7 steps (14%) done
Select jobs to execute...
[Sat Sep 18 16:01:54 2021]
Finished job 2.
2 of 7 steps (29%) done

[Sat Sep 18 16:01:54 2021]
rule dadi_infer_dm:
    input: 1KG.YRI.synonymous.snps.unfold.fs
    output: 1KG.YRI.two_epoch_1d.InferDM.opts.0
    jobid: 5
    threads: 8
    resources: tmpdir=/tmp

[Sat Sep 18 16:03:53 2021]
Finished job 5.
3 of 7 steps (43%) done
Select jobs to execute...

[Sat Sep 18 16:03:53 2021]
rule dadi_bestfit_dm:
    input: 1KG.YRI.two_epoch_1d.InferDM.opts.0
    output: 1KG.YRI.two_epoch_1d.InferDM.bestfits
    jobid: 4
    resources: tmpdir=/tmp

[Sat Sep 18 16:03:54 2021]
Finished job 4.
4 of 7 steps (57%) done
Select jobs to execute...

[Sat Sep 18 16:03:54 2021]
rule dadi_generate_cache:
    input: 1KG.YRI.two_epoch_1d.InferDM.bestfits
    output: 1KG.YRI.two_epoch.sel.spectra.bpkl
    jobid: 3
    threads: 8
    resources: tmpdir=/tmp

[Sat Sep 18 16:03:58 2021]
Finished job 3.
5 of 7 steps (71%) done
Select jobs to execute...

[Sat Sep 18 16:03:58 2021]
rule dadi_infer_dfe:
    input: 1KG.YRI.nonsynonymous.snps.unfold.fs, 1KG.YRI.two_epoch.sel.spectra.bpkl, 1KG.YRI.two_epoch_1d.InferDM.bestfits
    output: 1KG.YRI.two_epoch_1d.lognormal.InferDFE.opts.0
    jobid: 1
    threads: 8
    resources: tmpdir=/tmp

[Sat Sep 18 16:04:09 2021]
Finished job 1.
6 of 7 steps (86%) done
Select jobs to execute...

[Sat Sep 18 16:04:09 2021]
localrule all:
    input: 1KG.YRI.two_epoch_1d.lognormal.InferDFE.opts.0
    jobid: 0
    resources: tmpdir=/tmp

[Sat Sep 18 16:04:09 2021]
Finished job 0.
7 of 7 steps (100%) done
Complete log: /home/kaiser/Documents/projects/dadi-cli/examples/snakemake/.snakemake/log/2021-09-18T160039.307358.snakemake.log
