Building DAG of jobs...
Using shell: /usr/bin/bash
Provided cores: 1 (use --cores to define parallelism)
Rules claiming more threads will be scaled down.
Job stats:
job                    count    min threads    max threads
-------------------  -------  -------------  -------------
all                        1              1              1
dadi_generate_cache        1              1              1
total                      2              1              1

Select jobs to execute...

[Fri Sep 17 21:47:55 2021]
rule dadi_generate_cache:
    input: 1KG.YRI.three_epoch_1d.demo.params.InferDM.bestfits
    output: 1KG.YRI.three_epoch.sel.spectra.bpkl
    jobid: 1
    resources: tmpdir=/tmp

[Fri Sep 17 21:48:03 2021]
Finished job 1.
1 of 2 steps (50%) done
Select jobs to execute...

[Fri Sep 17 21:48:03 2021]
localrule all:
    input: 1KG.YRI.three_epoch.sel.spectra.bpkl
    jobid: 0
    resources: tmpdir=/tmp

[Fri Sep 17 21:48:03 2021]
Finished job 0.
2 of 2 steps (100%) done
Complete log: /home/kaiser/Documents/projects/dadi-cli/examples/snakemake/.snakemake/log/2021-09-17T214755.542336.snakemake.log
