Building DAG of jobs...
Using shell: /usr/bin/bash
Provided cores: 1 (use --cores to define parallelism)
Rules claiming more threads will be scaled down.
Job stats:
job                count    min threads    max threads
---------------  -------  -------------  -------------
all                    1              1              1
dadi_bestfit_dm        1              1              1
dadi_infer_dm          1              1              1
total                  3              1              1

Select jobs to execute...

[Wed Sep 15 13:49:01 2021]
rule dadi_infer_dm:
    input: 1KG.YRI.synonymous.snps.unfold.fs
    output: 1KG.YRI.three_epoch_1d.demo.params.InferDM.opts.0
    jobid: 2
    resources: tmpdir=/tmp

[Wed Sep 15 13:49:15 2021]
Finished job 2.
1 of 3 steps (33%) done
Select jobs to execute...

[Wed Sep 15 13:49:15 2021]
rule dadi_bestfit_dm:
    input: 1KG.YRI.three_epoch_1d.demo.params.InferDM.opts.0
    output: 1KG.YRI.three_epoch_1d.demo.params.InferDM.bestfits
    jobid: 1
    resources: tmpdir=/tmp

[Wed Sep 15 13:49:16 2021]
Error in rule dadi_bestfit_dm:
    jobid: 1
    output: 1KG.YRI.three_epoch_1d.demo.params.InferDM.bestfits
    shell:
        dadi-cli BestFit --dir ./1KG.YRI.three_epoch_1d.demo.params --ubounds 10 10 10 10 1 --lbounds 10e-3 10e-3 10e-3 10e-3 10e-5
        (one of the commands exited with non-zero exit code; note that snakemake uses bash strict mode!)

Shutting down, this might take some time.
Exiting because a job execution failed. Look above for error message
Complete log: /xdisk/rgutenk/xinhuang/projects/dadi-cli/examples/snakemake/.snakemake/log/2021-09-15T134900.197265.snakemake.log
