Building DAG of jobs...
Using shell: /usr/bin/bash
Provided cores: 8
Rules claiming more threads will be scaled down.
Job stats:
job                 count    min threads    max threads
----------------  -------  -------------  -------------
all                     1              1              1
dadi_bestfit_dm         1              1              1
dadi_infer_dm           1              8              8
generate_dadi_fs        1              1              1
total                   4              1              8

Select jobs to execute...

[Thu Sep 16 21:36:51 2021]
rule generate_dadi_fs:
    input: ../data/1KG.YRI.CEU.biallelic.synonymous.snps.withanc.strict.vcf.gz
    output: 1KG.YRI.synonymous.snps.unfold.fs
    jobid: 3
    wildcards: type=synonymous
    resources: tmpdir=/tmp

[Thu Sep 16 21:37:38 2021]
Finished job 3.
1 of 4 steps (25%) done
Select jobs to execute...

[Thu Sep 16 21:37:38 2021]
rule dadi_infer_dm:
    input: 1KG.YRI.synonymous.snps.unfold.fs
    output: 1KG.YRI.three_epoch_1d.demo.params.InferDM.opts.0
    jobid: 2
    threads: 8
    resources: tmpdir=/tmp

Terminating processes on user request, this might take some time.
[Thu Sep 16 21:43:16 2021]
Error in rule dadi_infer_dm:
    jobid: 2
    output: 1KG.YRI.three_epoch_1d.demo.params.InferDM.opts.0
    shell:
        dadi-cli InferDM --fs 1KG.YRI.synonymous.snps.unfold.fs --model three_epoch_1d --misid --p0 1 1 1 1 .5 --ubounds 10 10 10 10 1 --lbounds 10e-3 10e-3 10e-3 10e-3 10e-5 --output 1KG.YRI.three_epoch_1d.demo.params --jobs 100
        (one of the commands exited with non-zero exit code; note that snakemake uses bash strict mode!)

Removing output files of failed job dadi_infer_dm since they might be corrupted:
1KG.YRI.three_epoch_1d.demo.params.InferDM.opts.0
Complete log: /home/kaiser/Documents/projects/dadi-cli/examples/snakemake/.snakemake/log/2021-09-16T213651.391013.snakemake.log
