Building DAG of jobs...
Using shell: /usr/bin/bash
Provided cores: 8
Rules claiming more threads will be scaled down.
Job stats:
job                    count    min threads    max threads
-------------------  -------  -------------  -------------
all                        1              1              1
dadi_bestfit_dm            1              1              1
dadi_generate_cache        1              8              8
dadi_infer_dm              1              8              8
total                      4              1              8

Select jobs to execute...

[Fri Sep 17 23:18:51 2021]
rule dadi_infer_dm:
    input: 1KG.YRI.synonymous.snps.unfold.fs
    output: 1KG.YRI.three_epoch_1d.demo.params.InferDM.opts.0
    jobid: 3
    threads: 8
    resources: tmpdir=/tmp

[Fri Sep 17 23:19:55 2021]
Finished job 3.
1 of 4 steps (25%) done
Select jobs to execute...

[Fri Sep 17 23:19:55 2021]
rule dadi_bestfit_dm:
    input: 1KG.YRI.three_epoch_1d.demo.params.InferDM.opts.0
    output: 1KG.YRI.three_epoch_1d.demo.params.InferDM.bestfits
    jobid: 2
    resources: tmpdir=/tmp

[Fri Sep 17 23:19:56 2021]
Finished job 2.
2 of 4 steps (50%) done
Select jobs to execute...

[Fri Sep 17 23:19:56 2021]
rule dadi_generate_cache:
    input: 1KG.YRI.three_epoch_1d.demo.params.InferDM.bestfits
    output: 1KG.YRI.three_epoch.sel.spectra.bpkl
    jobid: 1
    threads: 8
    resources: tmpdir=/tmp

[Fri Sep 17 23:20:05 2021]
Finished job 1.
3 of 4 steps (75%) done
Select jobs to execute...

[Fri Sep 17 23:20:05 2021]
localrule all:
    input: 1KG.YRI.three_epoch.sel.spectra.bpkl
    jobid: 0
    resources: tmpdir=/tmp

[Fri Sep 17 23:20:05 2021]
Finished job 0.
4 of 4 steps (100%) done
Complete log: /home/kaiser/Documents/projects/dadi-cli/examples/snakemake/.snakemake/log/2021-09-17T231850.858119.snakemake.log
