Building DAG of jobs...
Using shell: /usr/bin/bash
Provided cores: 8
Rules claiming more threads will be scaled down.
Job stats:
job                count    min threads    max threads
---------------  -------  -------------  -------------
all                    1              1              1
dadi_bestfit_dm        1              1              1
dadi_infer_dm          1              8              8
total                  3              1              8

Select jobs to execute...

[Thu Sep 16 21:43:44 2021]
rule dadi_infer_dm:
    input: 1KG.YRI.synonymous.snps.unfold.fs
    output: 1KG.YRI.three_epoch_1d.demo.params.InferDM.opts.0
    jobid: 2
    threads: 8
    resources: tmpdir=/tmp

[Thu Sep 16 21:44:49 2021]
Finished job 2.
1 of 3 steps (33%) done
Select jobs to execute...

[Thu Sep 16 21:44:49 2021]
rule dadi_bestfit_dm:
    input: 1KG.YRI.three_epoch_1d.demo.params.InferDM.opts.0
    output: 1KG.YRI.three_epoch_1d.demo.params.InferDM.bestfits
    jobid: 1
    resources: tmpdir=/tmp

[Thu Sep 16 21:44:50 2021]
Finished job 1.
2 of 3 steps (67%) done
Select jobs to execute...

[Thu Sep 16 21:44:50 2021]
localrule all:
    input: 1KG.YRI.three_epoch_1d.demo.params.InferDM.bestfits
    jobid: 0
    resources: tmpdir=/tmp

[Thu Sep 16 21:44:50 2021]
Finished job 0.
3 of 3 steps (100%) done
Complete log: /home/kaiser/Documents/projects/dadi-cli/examples/snakemake/.snakemake/log/2021-09-16T214344.398110.snakemake.log
